0 info it worked if it ends with ok
1 verbose cli [ '/Users/ThisGuy/.nvm/versions/node/v6.3.1/bin/node',
1 verbose cli   '/Users/ThisGuy/.nvm/versions/node/v6.3.1/bin/npm',
1 verbose cli   'run',
1 verbose cli   'start' ]
2 info using npm@3.10.3
3 info using node@v6.3.1
4 verbose run-script [ 'prestart', 'start', 'poststart' ]
5 info lifecycle thinkable-tanager@1.0.0~prestart: thinkable-tanager@1.0.0
6 silly lifecycle thinkable-tanager@1.0.0~prestart: no script for prestart, continuing
7 info lifecycle thinkable-tanager@1.0.0~start: thinkable-tanager@1.0.0
8 verbose lifecycle thinkable-tanager@1.0.0~start: unsafe-perm in lifecycle true
9 verbose lifecycle thinkable-tanager@1.0.0~start: PATH: /Users/ThisGuy/.nvm/versions/node/v6.3.1/lib/node_modules/npm/bin/node-gyp-bin:/Users/ThisGuy/Desktop/LG/thinkable-tanager/node_modules/.bin:/Users/ThisGuy/.nvm/versions/node/v6.3.1/bin:/Users/ThisGuy/.nvm/versions/node/v6.3.1/bin:/usr/local/bin:/usr/bin:/bin:/usr/sbin:/sbin
10 verbose lifecycle thinkable-tanager@1.0.0~start: CWD: /Users/ThisGuy/Desktop/LG/thinkable-tanager
11 silly lifecycle thinkable-tanager@1.0.0~start: Args: [ '-c', 'node bin/http-server' ]
12 silly lifecycle thinkable-tanager@1.0.0~start: Returned: code: 1  signal: null
13 info lifecycle thinkable-tanager@1.0.0~start: Failed to exec start script
14 verbose stack Error: thinkable-tanager@1.0.0 start: `node bin/http-server`
14 verbose stack Exit status 1
14 verbose stack     at EventEmitter.<anonymous> (/Users/ThisGuy/.nvm/versions/node/v6.3.1/lib/node_modules/npm/lib/utils/lifecycle.js:242:16)
14 verbose stack     at emitTwo (events.js:106:13)
14 verbose stack     at EventEmitter.emit (events.js:191:7)
14 verbose stack     at ChildProcess.<anonymous> (/Users/ThisGuy/.nvm/versions/node/v6.3.1/lib/node_modules/npm/lib/utils/spawn.js:40:14)
14 verbose stack     at emitTwo (events.js:106:13)
14 verbose stack     at ChildProcess.emit (events.js:191:7)
14 verbose stack     at maybeClose (internal/child_process.js:852:16)
14 verbose stack     at Process.ChildProcess._handle.onexit (internal/child_process.js:215:5)
15 verbose pkgid thinkable-tanager@1.0.0
16 verbose cwd /Users/ThisGuy/Desktop/LG/thinkable-tanager
17 error Darwin 16.4.0
18 error argv "/Users/ThisGuy/.nvm/versions/node/v6.3.1/bin/node" "/Users/ThisGuy/.nvm/versions/node/v6.3.1/bin/npm" "run" "start"
19 error node v6.3.1
20 error npm  v3.10.3
21 error code ELIFECYCLE
22 error thinkable-tanager@1.0.0 start: `node bin/http-server`
22 error Exit status 1
23 error Failed at the thinkable-tanager@1.0.0 start script 'node bin/http-server'.
23 error Make sure you have the latest version of node.js and npm installed.
23 error If you do, this is most likely a problem with the thinkable-tanager package,
23 error not with npm itself.
23 error Tell the author that this fails on your system:
23 error     node bin/http-server
23 error You can get information on how to open an issue for this project with:
23 error     npm bugs thinkable-tanager
23 error Or if that isn't available, you can get their info via:
23 error     npm owner ls thinkable-tanager
23 error There is likely additional logging output above.
24 verbose exit [ 1, true ]
